<?xml version="1.0" encoding="UTF-8"?>
<testng-results ignored="0" total="1" passed="1" failed="0" skipped="0">
  <reporter-output>
  </reporter-output>
  <suite started-at="2024-07-07T19:11:31 IST" name="Suite" finished-at="2024-07-07T19:12:47 IST" duration-ms="76287">
    <groups>
    </groups>
    <test started-at="2024-07-07T19:11:31 IST" name="Instagram_WATM" finished-at="2024-07-07T19:12:47 IST" duration-ms="76287">
      <class name="com.instagram.testCases.TC_CreatePost">
        <test-method is-config="true" signature="browserSettingAndLogin(org.testng.ITestContext)[pri:0, instance:com.instagram.testCases.TC_CreatePost@2b95e48b]" started-at="2024-07-07T19:11:31 IST" name="browserSettingAndLogin" finished-at="2024-07-07T19:11:31 IST" duration-ms="30" status="PASS">
          <params>
            <param index="0">
              <value>
                <![CDATA[org.testng.TestRunner@68ea253b]]>
              </value>
            </param>
          </params>
          <reporter-output>
          </reporter-output>
        </test-method> <!-- browserSettingAndLogin -->
        <test-method is-config="true" signature="Setup(java.lang.String)[pri:0, instance:com.instagram.testCases.TC_CreatePost@2b95e48b]" started-at="2024-07-07T19:11:31 IST" name="Setup" finished-at="2024-07-07T19:11:48 IST" depends-on-methods="com.instagram.testCases.BaseClass.browserSettingAndLogin" duration-ms="17447" status="PASS">
          <params>
            <param index="0">
              <value>
                <![CDATA[chrome]]>
              </value>
            </param>
          </params>
          <reporter-output>
          </reporter-output>
        </test-method> <!-- Setup -->
        <test-method is-config="true" signature="Login(java.lang.String)[pri:0, instance:com.instagram.testCases.TC_CreatePost@2b95e48b]" started-at="2024-07-07T19:11:48 IST" name="Login" finished-at="2024-07-07T19:12:11 IST" duration-ms="22943" status="PASS">
          <params>
            <param index="0">
              <value>
                <![CDATA[user]]>
              </value>
            </param>
          </params>
          <reporter-output>
          </reporter-output>
        </test-method> <!-- Login -->
        <test-method signature="test_GenerateImage()[pri:1, instance:com.instagram.testCases.TC_CreatePost@2b95e48b]" started-at="2024-07-07T19:12:11 IST" name="test_GenerateImage" finished-at="2024-07-07T19:12:47 IST" duration-ms="35370" status="PASS">
          <reporter-output>
          </reporter-output>
        </test-method> <!-- test_GenerateImage -->
        <test-method is-config="true" signature="Logout(java.lang.String)[pri:0, instance:com.instagram.testCases.TC_CreatePost@2b95e48b]" started-at="2024-07-07T19:12:47 IST" name="Logout" finished-at="2024-07-07T19:12:47 IST" duration-ms="1" status="PASS">
          <params>
            <param index="0">
              <value>
                <![CDATA[user]]>
              </value>
            </param>
          </params>
          <reporter-output>
          </reporter-output>
        </test-method> <!-- Logout -->
        <test-method is-config="true" signature="Teardown()[pri:0, instance:com.instagram.testCases.TC_CreatePost@2b95e48b]" started-at="2024-07-07T19:12:47 IST" name="Teardown" finished-at="2024-07-07T19:12:47 IST" depends-on-methods="com.instagram.testCases.BaseClass.Logout" duration-ms="77" status="PASS">
          <reporter-output>
          </reporter-output>
        </test-method> <!-- Teardown -->
      </class> <!-- com.instagram.testCases.TC_CreatePost -->
    </test> <!-- Instagram_WATM -->
  </suite> <!-- Suite -->
</testng-results>
